[2018-08-19 12:42:43] START
[2018-08-19 12:45:58] EDIT server/models/db.py: -45
[2018-08-19 12:46:22] EDIT server/models/menu.py: -65
[2018-08-19 12:46:56] EDIT server/controllers/default.py: -31
[2018-08-19 12:47:16] CREATE default/contact.html: 0
[2018-08-19 12:47:22] CREATE default/resume.html: 0
[2018-08-19 12:47:33] CREATE default/about.html: 0
[2018-08-19 12:48:03] EDIT server/views/layout.html: -71
[2018-08-19 12:48:30] CREATE css/exmples.css: 0
[2018-08-19 12:48:36] CREATE css/stupid.css: 0
[2018-08-19 12:48:49] EDIT server/static/css/exmples.css: 57
[2018-08-19 12:49:34] EDIT server/static/css/web2py.css: -95
[2018-08-19 12:49:49] DELETE server/static/css/bootstrap.min.css: -7
[2018-08-19 12:49:56] DELETE server/static/css/exmples.css.bak: 0
[2018-08-19 12:50:04] DELETE server/static/css/web2py.css.bak: -259
[2018-08-19 12:50:31] CREATE css/artwork.css: 0
[2018-08-19 12:50:52] EDIT server/static/css/artwork.css: 135
[2018-08-19 12:51:14] DELETE server/static/css/artwork.css.bak: 0
[2018-08-19 12:51:44] CREATE css/bootstrap.min.css: 0
[2018-08-19 12:51:50] EDIT server/static/css/bootstrap.min.css: 7
[2018-08-19 12:53:17] EDIT server/static/css/stupid.css: 354
[2018-08-19 12:54:00] EDIT server/views/default/index.html: -45
[2018-08-19 12:55:44] EDIT server/controllers/default.py: 3
[2018-08-19 12:55:51] EDIT server/views/default/index.html: 1
[2018-08-19 12:55:51] EDIT server/views/default/index.html: 0
[2018-08-19 12:57:02] EDIT server/controllers/default.py: -2
[2018-08-19 13:00:39] EDIT server/models/db.py: 2
[2018-08-19 13:00:54] EDIT server/models/db.py: 0
[2018-08-19 13:05:48] EDIT server/models/db.py: 0
[2018-08-19 13:06:11] EDIT server/models/db.py: 0
[2018-08-19 13:07:35] EDIT server/models/db.py: 0
[2018-08-19 13:09:27] EDIT server/models/db.py: 0
[2018-08-19 13:09:35] EDIT server/models/db.py: 0
[2018-08-19 13:12:30] EDIT server/models/db.py: 3
[2018-08-19 13:12:47] EDIT server/models/db.py: 0
[2018-08-19 13:13:05] EDIT server/models/db.py: 0
[2018-08-19 13:13:14] EDIT server/models/db.py: 0
[2018-08-19 13:15:07] EDIT server/models/db.py: -3
[2018-08-19 13:15:37] EDIT server/models/db.py: 0
[2018-08-19 13:15:51] EDIT server/models/db.py: 0
[2018-08-19 13:17:09] EDIT server/models/db.py: 0
[2018-08-19 13:17:28] EDIT server/models/db.py: 0
[2018-08-19 13:19:06] EDIT server/models/db.py: 0
[2018-08-19 13:19:20] EDIT server/models/db.py: 0
[2018-08-19 13:19:47] EDIT server/models/db.py: 0
[2018-08-19 13:22:13] EDIT server/models/db.py: 1
[2018-08-19 13:22:24] EDIT server/models/db.py: 0
[2018-08-19 13:22:49] EDIT server/models/db.py: 0
[2018-08-19 13:23:41] EDIT server/models/db.py: -1
[2018-08-19 13:26:01] EDIT server/models/db.py: 1
[2018-08-19 13:29:27] EDIT server/models/db.py: 2
[2018-08-19 13:30:24] EDIT server/models/db.py: 0
[2018-08-19 13:32:01] EDIT server/models/db.py: 0
[2018-08-19 13:32:58] EDIT server/models/db.py: 0
[2018-08-19 13:35:19] EDIT server/models/db.py: 1
[2018-08-19 13:35:30] EDIT server/models/db.py: -1
[2018-08-19 13:36:06] EDIT server/models/db.py: 0
[2018-08-19 13:36:28] EDIT server/models/db.py: -2
[2018-08-19 13:37:30] EDIT server/models/db.py: 0
[2018-08-19 13:37:42] EDIT server/models/db.py: 0
[2018-08-19 13:46:18] EDIT server/models/db.py: 2
[2018-08-19 13:48:45] EDIT server/views/default/index.html: 12
[2018-08-19 13:49:16] EDIT server/views/default/index.html: 2
[2018-08-19 13:50:29] EDIT server/views/default/index.html: -13
[2018-08-19 13:55:05] CREATE pdfs/resume.pdf: 0
[2018-08-19 13:57:42] DELETE server/static/pdfs/resume.pdf: 0
[2018-08-19 13:58:11] DELETE server/static/css/stupid.css.bak: 0
[2018-08-19 13:58:34] CREATE pdfs/test.pdf: 0
[2018-08-19 13:59:19] EDIT server/static/pdfs/test.pdf: 19
[2018-08-19 13:59:38] DELETE server/static/pdfs/test.pdf.bak: 0
[2018-08-19 16:46:00] EDIT server/controllers/default.py: 0
[2018-08-19 16:49:01] EDIT server/views/default/index.html: 0
[2018-08-19 16:49:48] EDIT server/models/menu.py: 0
[2018-08-19 16:51:09] EDIT server/views/default/index.html: 7
[2018-08-19 16:52:37] EDIT server/views/default/index.html: 0
[2018-08-19 16:52:44] EDIT server/views/default/index.html: 0
[2018-08-19 16:52:53] EDIT server/views/default/index.html: 0
[2018-08-19 16:59:15] EDIT server/views/default/resume.html: 0
[2018-08-19 17:06:29] EDIT server/views/layout.html: 0
[2018-08-19 17:07:30] EDIT server/views/layout.html: 3
[2018-08-19 17:07:50] EDIT server/views/default/index.html: 0
[2018-08-19 17:08:21] EDIT server/views/layout.html: 0
[2018-08-19 17:09:28] EDIT server/views/layout.html: 2
[2018-08-19 17:11:03] DELETE server/static/css/bootstrap.min.css.map: -1
[2018-08-19 17:11:09] DELETE server/static/css/bootstrap.min.css.bak: 0
[2018-08-19 17:11:13] DELETE server/static/css/bootstrap.min.css: -7
[2018-08-19 17:11:19] DELETE server/static/css/web2py-bootstrap4.css: -336
[2018-08-19 17:12:19] EDIT server/static/css/artwork.css: 0
[2018-08-19 17:12:21] EDIT server/static/css/calendar.css: 4
[2018-08-19 17:12:22] EDIT server/static/css/exmples.css: 0
[2018-08-19 17:12:23] EDIT server/static/css/stupid.css: 354
[2018-08-19 17:12:24] EDIT server/static/css/web2py.css: 0
[2018-08-19 17:13:43] EDIT server/models/menu.py: 0
[2018-08-19 17:15:01] EDIT server/views/layout.html: 4
[2018-08-20 01:19:13] EDIT server/views/layout.html: 0
[2018-08-20 01:19:28] EDIT server/views/layout.html: -1
[2018-08-20 01:19:51] EDIT server/views/layout.html: 1
[2018-08-20 01:23:43] EDIT server/views/layout.html: 0
[2018-08-20 01:23:56] EDIT server/views/layout.html: 0
[2018-08-20 01:24:02] EDIT server/views/layout.html: 0
[2018-08-20 01:24:08] EDIT server/views/layout.html: 0
[2018-08-20 01:24:18] EDIT server/views/layout.html: 0
[2018-08-20 01:25:56] EDIT server/views/layout.html: -7
[2018-08-20 01:26:34] EDIT server/views/layout.html: 4
[2018-08-20 01:26:42] EDIT server/views/layout.html: 0
[2018-08-20 01:26:50] EDIT server/views/layout.html: -1
[2018-08-20 01:27:02] EDIT server/views/layout.html: -2
[2018-08-20 01:27:12] EDIT server/views/layout.html: 0
[2018-08-20 01:27:25] EDIT server/views/layout.html: -6
[2018-08-20 01:27:55] EDIT server/views/layout.html: 6
[2018-08-20 01:28:30] EDIT server/views/layout.html: 6
[2018-08-20 01:29:31] EDIT server/views/layout.html: -12
[2018-08-20 01:29:49] EDIT server/views/layout.html: 6
[2018-08-20 01:30:07] EDIT server/views/layout.html: 6
[2018-08-20 01:30:19] EDIT server/views/layout.html: -3
[2018-08-20 01:30:34] EDIT server/views/layout.html: -3
[2018-08-20 01:30:47] EDIT server/views/layout.html: -6
[2018-08-20 01:31:07] EDIT server/views/layout.html: 0
[2018-08-20 01:31:22] EDIT server/views/layout.html: 12
[2018-08-20 01:31:42] EDIT server/views/layout.html: 0
[2018-08-20 01:32:30] EDIT server/views/layout.html: -3
[2018-08-20 01:32:56] EDIT server/views/layout.html: -3
[2018-08-20 01:33:09] EDIT server/views/layout.html: 2
[2018-08-20 01:33:17] EDIT server/views/layout.html: 0
[2018-08-20 01:33:33] EDIT server/views/layout.html: 0
[2018-08-20 01:34:46] EDIT server/views/layout.html: 6
[2018-08-20 01:34:52] EDIT server/views/layout.html: 0
[2018-08-20 01:35:21] EDIT server/views/layout.html: 1
[2018-08-20 01:37:23] EDIT server/views/layout.html: -8
[2018-08-20 01:37:38] EDIT server/views/layout.html: 0
[2018-08-20 01:37:46] EDIT server/views/layout.html: 0
[2018-08-20 01:37:55] EDIT server/views/layout.html: 0
[2018-08-20 01:38:12] EDIT server/views/layout.html: -2
[2018-08-20 01:39:12] EDIT server/views/layout.html: 0
[2018-08-20 01:39:18] EDIT server/views/layout.html: 0
[2018-08-20 01:39:38] EDIT server/views/layout.html: 0
[2018-08-20 01:39:48] EDIT server/views/layout.html: 0
[2018-08-20 01:39:57] EDIT server/views/layout.html: 0
[2018-08-20 01:40:04] EDIT server/views/layout.html: 0
[2018-08-20 01:40:13] EDIT server/views/layout.html: 0
[2018-08-20 01:40:24] EDIT server/views/layout.html: 0
[2018-08-20 01:41:00] EDIT server/views/layout.html: 0
[2018-08-20 01:41:21] EDIT server/views/layout.html: -3
[2018-08-20 01:42:05] EDIT server/views/layout.html: -3
[2018-08-20 01:42:12] EDIT server/views/layout.html: 6
[2018-08-20 01:42:17] EDIT server/views/layout.html: -6
[2018-08-20 01:42:42] EDIT server/views/layout.html: 0
[2018-08-20 01:42:55] EDIT server/views/layout.html: 0
[2018-08-20 01:43:08] EDIT server/views/layout.html: 0
[2018-08-20 01:43:10] EDIT server/views/layout.html: 0
[2018-08-20 01:43:26] EDIT server/views/layout.html: -3
[2018-08-20 01:44:16] EDIT server/views/layout.html: 3
[2018-08-20 01:44:28] EDIT server/views/layout.html: 0
[2018-08-20 01:44:53] EDIT server/views/layout.html: -2
[2018-08-20 01:45:20] EDIT server/views/layout.html: -2
[2018-08-20 01:45:39] EDIT server/views/layout.html: 1
[2018-08-20 01:45:57] EDIT server/views/layout.html: 0
[2018-08-20 01:46:20] EDIT server/views/layout.html: 0
[2018-08-20 01:47:26] EDIT server/views/layout.html: 0
[2018-08-20 01:48:26] EDIT server/views/layout.html: 3
[2018-08-20 01:49:21] EDIT server/views/layout.html: 2
[2018-08-20 01:50:07] EDIT server/views/layout.html: 0
[2018-08-20 01:50:23] EDIT server/views/layout.html: 0
[2018-08-20 01:51:20] EDIT server/views/layout.html: 1
[2018-08-20 01:51:26] EDIT server/views/layout.html: 0
[2018-08-20 01:52:45] EDIT server/views/layout.html: 0
[2018-08-20 01:52:56] EDIT server/views/layout.html: 0
[2018-08-20 01:53:02] EDIT server/views/layout.html: 0
[2018-08-20 01:53:15] EDIT server/views/layout.html: 0
[2018-08-20 01:53:23] EDIT server/views/layout.html: 0
[2018-08-20 01:55:03] EDIT server/views/layout.html: 0
[2018-08-20 01:55:09] EDIT server/views/layout.html: 0
[2018-08-20 01:55:26] EDIT server/views/layout.html: 0
[2018-08-20 01:55:43] EDIT server/views/layout.html: 1
[2018-08-20 01:55:50] EDIT server/views/layout.html: 0
[2018-08-20 01:55:57] EDIT server/views/layout.html: 0
[2018-08-20 01:57:22] EDIT server/views/layout.html: 0
[2018-08-20 01:57:31] EDIT server/views/layout.html: 0
[2018-08-20 01:57:38] EDIT server/views/layout.html: 0
[2018-08-20 01:57:47] EDIT server/views/layout.html: 0
[2018-08-20 01:57:53] EDIT server/views/layout.html: 0
[2018-08-20 01:58:16] EDIT server/views/layout.html: 0
[2018-08-20 01:58:25] EDIT server/views/layout.html: 0
[2018-08-20 01:58:42] EDIT server/views/layout.html: -5
[2018-08-20 01:58:51] EDIT server/views/layout.html: 0
[2018-08-20 01:58:57] EDIT server/views/layout.html: 0
[2018-08-20 01:59:51] EDIT server/views/layout.html: 4
[2018-08-20 01:59:59] EDIT server/views/layout.html: 0
[2018-08-20 02:04:59] EDIT server/views/layout.html: 0
[2018-08-20 02:06:14] EDIT server/views/layout.html: 3
[2018-08-20 02:06:34] EDIT server/views/layout.html: 0
[2018-08-20 02:10:58] EDIT server/views/layout.html: 0
[2018-08-20 02:11:20] EDIT server/views/layout.html: 0
[2018-08-20 02:11:37] EDIT server/views/layout.html: 0
[2018-08-20 02:11:52] EDIT server/views/layout.html: 0
[2018-08-20 02:12:29] EDIT server/views/layout.html: 0
[2018-08-20 02:15:24] EDIT server/models/menu.py: 0
[2018-08-20 02:15:43] EDIT server/models/menu.py: 1
[2018-08-20 02:16:18] EDIT server/controllers/default.py: 2
[2018-08-20 02:16:25] EDIT server/controllers/default.py: 0
[2018-08-20 02:16:54] CREATE default/phone.html: 0
[2018-08-20 02:17:33] EDIT server/views/default/index.html: -7
[2018-08-20 02:17:34] EDIT server/views/default/phone.html: 7
[2018-08-20 02:41:33] EDIT server/views/default/index.html: 0
[2018-08-20 02:41:35] EDIT server/views/default/index.html: 0
[2018-08-20 02:44:52] EDIT server/views/default/index.html: 0
[2018-08-20 02:45:19] EDIT server/views/default/index.html: 0
[2018-08-20 02:45:29] EDIT server/views/default/index.html: 0
[2018-08-20 02:46:22] EDIT server/views/default/index.html: 0
[2018-08-20 02:46:43] EDIT server/views/default/index.html: 2
[2018-08-20 02:47:15] EDIT server/views/default/index.html: -2
[2018-08-20 02:47:53] EDIT server/views/default/index.html: -1
[2018-08-20 02:48:35] EDIT server/views/layout.html: 0
[2018-08-20 02:49:20] EDIT server/views/layout.html: 1
[2018-08-20 02:49:23] EDIT server/views/layout.html: 0
[2018-08-20 02:50:16] EDIT server/views/default/index.html: 0
[2018-08-20 02:50:54] EDIT server/views/layout.html: 3
[2018-08-20 02:51:22] EDIT server/views/layout.html: 0
[2018-08-20 02:51:41] EDIT server/views/layout.html: 0
[2018-08-20 02:51:50] EDIT server/views/layout.html: -1
[2018-08-20 02:52:38] EDIT server/views/layout.html: 1
[2018-08-20 02:53:08] EDIT server/views/layout.html: 0
[2018-08-20 02:53:30] EDIT server/views/layout.html: 0
[2018-08-20 02:54:16] EDIT server/views/layout.html: -1
[2018-08-20 03:04:49] EDIT server/views/layout.html: 3
[2018-08-20 03:05:11] EDIT server/views/layout.html: 0
[2018-08-20 03:05:37] EDIT server/views/layout.html: 0
[2018-08-20 03:05:56] EDIT server/views/layout.html: 0
[2018-08-20 03:08:00] EDIT server/views/layout.html: 0
[2018-08-20 03:10:48] EDIT server/views/layout.html: 0
[2018-08-20 03:10:59] EDIT server/views/layout.html: 0
[2018-08-20 03:11:07] EDIT server/views/layout.html: 0
[2018-08-20 03:11:44] EDIT server/views/layout.html: 3
[2018-08-20 03:11:59] EDIT server/views/layout.html: 0
[2018-08-20 03:12:09] EDIT server/views/layout.html: 0
[2018-08-20 03:12:54] EDIT server/views/layout.html: 1
[2018-08-20 03:17:19] EDIT server/views/default/index.html: 6
[2018-08-20 03:17:30] EDIT server/views/default/index.html: 0
[2018-08-20 03:17:34] EDIT server/views/default/index.html: 0
[2018-08-20 03:17:46] EDIT server/views/default/index.html: 0
[2018-08-20 03:17:57] EDIT server/views/default/index.html: -3
[2018-08-20 03:18:05] EDIT server/views/default/index.html: 3
[2018-08-20 03:18:24] EDIT server/views/layout.html: 0
[2018-08-20 03:18:30] EDIT server/views/layout.html: 0
[2018-08-20 03:21:22] EDIT server/views/default/index.html: 7
[2018-08-20 03:21:42] EDIT server/views/layout.html: 0
[2018-08-20 03:21:52] EDIT server/views/default/index.html: 0
[2018-08-20 03:22:10] EDIT server/views/default/index.html: 0
[2018-08-20 03:22:36] EDIT server/views/default/index.html: 1
[2018-08-20 03:24:21] EDIT server/views/default/index.html: 3
[2018-08-20 03:24:45] EDIT server/views/default/index.html: 0
[2018-08-20 03:25:22] EDIT server/views/default/index.html: 1
[2018-08-20 03:25:56] EDIT server/views/default/index.html: 1
[2018-08-20 03:26:03] EDIT server/views/default/index.html: 0
[2018-08-20 03:26:19] EDIT server/views/default/index.html: 1
[2018-08-20 03:26:59] EDIT server/views/default/index.html: -2
[2018-08-20 03:27:06] EDIT server/views/default/index.html: 0
[2018-08-20 03:27:25] EDIT server/views/default/index.html: 2
[2018-08-20 03:28:02] EDIT server/views/default/index.html: 1
[2018-08-20 03:52:46] EDIT server/views/default/phone.html: 0
[2018-08-20 03:53:52] EDIT server/views/default/phone.html: 5
[2018-08-20 03:56:15] EDIT server/views/default/phone.html: 3
[2018-08-20 03:56:52] EDIT server/views/default/phone.html: 0
[2018-08-20 03:57:46] EDIT server/views/default/phone.html: 3
[2018-08-20 03:58:54] EDIT server/views/default/phone.html: 0
[2018-08-20 03:59:12] EDIT server/views/default/phone.html: 0
[2018-08-20 03:59:41] EDIT server/views/default/phone.html: 0
[2018-08-20 03:59:57] EDIT server/views/default/phone.html: 0
[2018-08-20 04:00:31] EDIT server/views/default/phone.html: 0
[2018-08-20 04:01:05] EDIT server/views/default/phone.html: 0
[2018-08-20 04:02:11] EDIT server/views/default/phone.html: 0
[2018-08-20 04:02:36] EDIT server/views/default/phone.html: 1
[2018-08-20 04:03:06] EDIT server/views/default/phone.html: 0
[2018-08-20 04:04:15] EDIT server/views/default/phone.html: 8
[2018-08-20 04:07:35] EDIT server/views/default/phone.html: 2
[2018-08-20 04:08:06] EDIT server/views/default/phone.html: 4
[2018-08-20 04:08:21] EDIT server/views/default/phone.html: 0
[2018-08-20 04:09:13] EDIT server/views/default/phone.html: 3
[2018-08-20 04:09:30] EDIT server/views/default/phone.html: 2
[2018-08-20 04:10:25] EDIT server/views/default/phone.html: 1
[2018-08-20 04:11:45] EDIT server/views/default/phone.html: 2
[2018-08-20 04:12:07] EDIT server/views/default/phone.html: 0
[2018-08-20 04:12:30] EDIT server/views/default/phone.html: 0
[2018-08-20 04:12:48] EDIT server/views/default/phone.html: -1
[2018-08-20 04:15:36] EDIT server/views/default/phone.html: 13
[2018-08-20 04:16:24] EDIT server/views/default/phone.html: 1
[2018-08-20 04:16:51] EDIT server/views/default/phone.html: 0
[2018-08-20 04:18:43] EDIT server/views/default/phone.html: 0
[2018-08-20 04:19:35] EDIT server/views/default/phone.html: 0
[2018-08-20 04:19:47] EDIT server/views/default/phone.html: 0
[2018-08-20 04:20:12] EDIT server/views/default/phone.html: 0
[2018-08-20 04:20:19] EDIT server/views/default/phone.html: 0
[2018-08-20 04:21:25] EDIT server/views/default/phone.html: 20
[2018-08-20 04:22:20] EDIT server/views/default/phone.html: 20
[2018-08-20 04:23:27] EDIT server/views/default/phone.html: 0
[2018-08-20 04:24:08] EDIT server/views/default/phone.html: 0
[2018-08-20 04:24:19] EDIT server/views/default/phone.html: 0
[2018-08-20 04:24:39] EDIT server/views/default/phone.html: 0
[2018-08-20 04:25:52] EDIT server/views/default/phone.html: 5
[2018-08-20 04:26:25] EDIT server/models/db.py: 0
[2018-08-20 04:28:33] EDIT server/views/default/phone.html: 0
[2018-08-20 04:29:09] EDIT server/views/default/phone.html: 2
[2018-08-20 04:29:48] EDIT server/views/default/phone.html: 0
[2018-08-20 04:29:54] EDIT server/views/default/phone.html: 0
[2018-08-20 04:30:04] EDIT server/views/default/phone.html: 0
[2018-08-20 04:30:36] EDIT server/views/default/phone.html: 0
[2018-08-20 04:31:05] EDIT server/views/default/phone.html: 0
[2018-08-20 04:32:38] EDIT server/views/default/phone.html: -3
[2018-08-20 04:34:20] EDIT server/views/default/phone.html: 2
[2018-08-20 04:35:04] EDIT server/views/default/phone.html: 0
[2018-08-20 04:35:16] EDIT server/views/default/phone.html: 0
[2018-08-20 04:35:38] EDIT server/views/default/phone.html: 0
[2018-08-20 04:36:39] EDIT server/views/default/phone.html: 0
[2018-08-20 04:37:03] EDIT server/views/default/phone.html: 0
[2018-08-20 04:37:12] EDIT server/views/default/phone.html: 0
[2018-08-20 04:37:32] EDIT server/views/default/phone.html: -6
[2018-08-20 04:38:10] EDIT server/views/default/phone.html: 3
[2018-08-20 04:38:46] EDIT server/views/default/phone.html: -2
[2018-08-20 04:38:55] EDIT server/views/default/phone.html: 0
[2018-08-20 04:39:00] EDIT server/views/default/phone.html: 1
[2018-08-20 04:39:11] EDIT server/views/default/phone.html: -1
[2018-08-20 04:39:38] EDIT server/views/default/phone.html: 0
[2018-08-20 04:39:56] EDIT server/views/default/phone.html: 0
[2018-08-20 04:40:21] EDIT server/views/default/phone.html: 0
[2018-08-20 04:40:31] EDIT server/views/default/phone.html: 0
[2018-08-20 04:41:43] EDIT server/views/default/phone.html: 4
[2018-08-20 04:41:57] EDIT server/views/default/phone.html: -1
[2018-08-20 04:42:19] EDIT server/views/default/phone.html: -3
[2018-08-20 04:42:26] EDIT server/views/default/phone.html: 0
[2018-08-20 04:43:39] EDIT server/views/default/phone.html: 6
[2018-08-20 04:43:57] EDIT server/views/default/phone.html: 0
[2018-08-20 04:44:03] EDIT server/views/default/phone.html: 0
[2018-08-20 04:44:17] EDIT server/views/default/phone.html: 1
[2018-08-20 04:44:28] EDIT server/views/default/phone.html: -3
[2018-08-20 04:44:34] EDIT server/views/default/phone.html: 0
[2018-08-20 04:45:21] EDIT server/views/default/phone.html: 1
[2018-08-20 04:45:37] EDIT server/views/default/phone.html: 3
[2018-08-20 04:45:55] EDIT server/views/default/phone.html: 0
[2018-08-20 04:46:15] EDIT server/views/default/phone.html: -4
[2018-08-20 05:00:51] EDIT server/models/menu.py: -1
[2018-08-20 05:01:24] EDIT server/views/default/index.html: 0
[2018-08-20 13:08:34] EDIT server/models/db.py: 0
[2018-08-24 03:24:19] EDIT server/models/menu.py: 0
[2018-08-24 03:24:35] EDIT server/controllers/default.py: -2
[2018-08-24 03:24:46] EDIT server/views/default/about.html: 20
[2018-08-24 03:25:10] EDIT server/views/default/index.html: 79
[2018-08-24 03:25:16] EDIT server/controllers/default.py: 0
[2018-08-24 03:25:21] EDIT server/models/menu.py: 0
[2018-08-24 03:25:29] EDIT server/controllers/default.py: 0
[2018-08-24 03:27:19] EDIT server/models/menu.py: 0
[2018-08-24 03:29:58] EDIT server/views/default/phone.html: 0
[2018-08-24 03:30:46] EDIT server/views/default/index.html: 0
[2018-08-24 03:31:11] EDIT server/views/layout.html: 0
[2018-08-24 03:31:54] EDIT server/views/default/index.html: 0
[2018-08-24 03:33:07] EDIT server/views/layout.html: 0
[2018-08-24 03:34:13] EDIT server/views/default/index.html: 0
[2018-08-24 03:34:25] EDIT server/views/default/index.html: 0
[2018-08-24 03:34:42] EDIT server/views/default/index.html: 0
[2018-08-24 03:34:58] EDIT server/views/default/index.html: 0
[2018-08-24 03:35:40] EDIT server/views/default/index.html: 0
[2018-08-24 03:35:52] EDIT server/views/default/index.html: 0
[2018-08-24 03:35:58] EDIT server/views/default/index.html: -1
[2018-08-24 03:36:07] EDIT server/views/default/index.html: -3
[2018-08-24 03:37:16] EDIT server/models/db.py: 0
[2018-08-24 03:38:04] EDIT server/models/db.py: 0
[2018-08-24 03:38:39] EDIT server/models/db.py: 0
[2018-08-24 03:40:15] EDIT server/models/db.py: 2
[2018-08-24 03:40:42] EDIT server/models/db.py: 0
[2018-08-24 03:41:22] EDIT server/models/db.py: 0
[2018-08-24 03:44:09] EDIT server/models/db.py: -1
[2018-08-24 03:44:30] EDIT server/models/db.py: 0
[2018-08-24 03:48:43] CREATE default/received.html: 0
[2018-08-24 03:48:56] EDIT server/views/default/received.html: 0
[2018-08-24 03:49:13] EDIT server/controllers/default.py: 0
[2018-08-24 03:49:57] EDIT server/models/db.py: 0
[2018-08-24 03:50:17] EDIT server/models/db.py: 0
[2018-08-24 03:50:18] EDIT server/models/db.py: 0
[2018-08-24 03:50:19] EDIT server/models/db.py: 0
[2018-08-24 03:50:19] EDIT server/models/db.py: 0
[2018-08-24 03:50:36] EDIT server/controllers/default.py: 2
[2018-08-24 03:50:54] EDIT server/models/db.py: 0
[2018-08-24 03:53:44] EDIT server/controllers/default.py: 0
[2018-08-24 04:27:59] EDIT server/controllers/default.py: -2
[2018-08-24 04:34:27] EDIT server/views/default/index.html: 6
[2018-08-24 04:35:08] EDIT server/views/default/index.html: 0
[2018-08-24 04:36:22] EDIT server/views/default/index.html: 4
[2018-08-24 04:36:38] EDIT server/views/default/index.html: 0
[2018-08-24 04:36:49] EDIT server/views/default/index.html: 0
[2018-08-24 04:37:13] EDIT server/views/default/index.html: 1
[2018-08-24 04:37:23] EDIT server/views/default/index.html: 0
[2018-08-24 04:37:52] EDIT server/views/default/index.html: -1
[2018-08-24 04:38:07] EDIT server/views/default/index.html: 0
[2018-08-24 04:39:03] EDIT server/views/default/index.html: 0
[2018-08-24 04:39:19] EDIT server/views/default/index.html: 0
[2018-08-25 13:03:11] EDIT server/views/layout.html: 0
[2018-08-25 13:07:38] EDIT server/views/default/index.html: 2
[2018-08-25 13:07:55] EDIT server/views/default/index.html: 0
[2018-08-25 13:08:11] EDIT server/views/default/index.html: 0
[2018-08-25 13:11:48] EDIT server/views/default/index.html: 0
[2018-08-25 13:12:16] EDIT server/views/default/index.html: 0
[2018-08-25 13:12:45] EDIT server/views/default/index.html: 0
[2018-08-25 13:12:58] EDIT server/views/default/index.html: 0
[2018-08-25 13:13:33] EDIT server/views/default/index.html: 0
[2018-08-25 13:13:51] EDIT server/views/default/index.html: 0
[2018-08-25 13:14:06] EDIT server/views/default/index.html: 0
[2018-08-25 13:15:27] EDIT server/views/default/index.html: 3
[2018-08-25 13:16:32] EDIT server/views/default/index.html: -2
[2018-08-25 13:16:38] EDIT server/views/default/index.html: 0
[2018-08-25 13:17:23] EDIT server/views/default/index.html: 5
[2018-08-25 13:17:37] EDIT server/views/default/index.html: 0
[2018-08-25 13:18:04] EDIT server/views/default/index.html: -1
[2018-08-25 13:18:12] EDIT server/views/default/index.html: 0
[2018-08-25 13:18:16] EDIT server/views/default/index.html: -1
[2018-08-25 13:18:57] EDIT server/views/default/index.html: -1
[2018-08-25 13:21:44] EDIT server/views/default/index.html: 0
[2018-08-25 13:21:53] EDIT server/views/default/index.html: 0
[2018-08-25 13:22:02] EDIT server/views/default/index.html: 0
[2018-08-25 13:22:20] EDIT server/views/default/index.html: 0
[2018-08-25 13:22:26] EDIT server/views/default/index.html: 0
[2018-08-25 13:22:39] EDIT server/views/default/index.html: 0
[2018-08-25 13:23:51] EDIT server/views/default/index.html: 0
[2018-08-25 13:28:21] EDIT server/views/default/index.html: 1
[2018-08-25 13:28:44] EDIT server/views/default/index.html: 0
[2018-08-25 13:30:52] EDIT server/views/default/index.html: 0
[2018-08-25 13:31:44] EDIT server/views/default/index.html: -1
[2018-08-25 13:31:54] EDIT server/views/default/index.html: 0
[2018-08-25 13:32:03] EDIT server/views/default/index.html: 0
[2018-08-25 13:32:12] EDIT server/views/default/index.html: 0
[2018-08-25 13:32:21] EDIT server/views/default/index.html: 0
[2018-08-25 13:32:30] EDIT server/views/default/index.html: 1
[2018-08-25 13:32:50] EDIT server/views/default/index.html: 0
[2018-08-25 13:38:54] EDIT server/views/default/index.html: 2
[2018-08-25 13:40:58] EDIT server/static/css/web2py.css: 0
[2018-08-25 13:41:05] EDIT server/static/css/web2py.css: 0
[2018-08-25 13:42:08] EDIT server/views/default/index.html: -2
[2018-08-25 13:44:16] EDIT server/views/default/index.html: 5
[2018-08-25 13:45:09] EDIT server/views/default/index.html: 1
[2018-08-25 13:45:43] EDIT server/views/default/index.html: 0
[2018-08-25 18:24:20] EDIT server/views/default/index.html: 1
[2018-08-25 18:25:10] EDIT server/views/default/index.html: 0
[2018-08-25 18:25:12] EDIT server/views/default/index.html: 0
[2018-08-25 19:09:05] EDIT server/views/default/index.html: 0
[2018-08-25 19:09:49] EDIT server/views/default/index.html: 0
[2018-08-25 19:10:04] EDIT server/views/default/index.html: 3
[2018-08-25 19:10:20] EDIT server/views/default/index.html: 2
[2018-08-25 19:10:41] EDIT server/views/default/index.html: -5
[2018-08-25 19:10:55] EDIT server/views/default/index.html: 0
[2018-08-25 19:11:10] EDIT server/views/default/index.html: 0
[2018-08-25 19:11:27] EDIT server/views/default/index.html: 0
[2018-08-25 19:11:35] EDIT server/views/default/index.html: 0
[2018-08-25 19:11:49] EDIT server/views/default/index.html: 0
[2018-08-25 19:12:27] EDIT server/views/default/index.html: 3
[2018-08-25 19:12:42] EDIT server/views/default/index.html: 0
[2018-08-25 19:12:42] EDIT server/views/default/index.html: 0
[2018-08-25 19:12:52] EDIT server/views/default/index.html: 0
[2018-08-25 19:14:25] EDIT server/views/default/index.html: 3
[2018-08-25 19:14:32] EDIT server/views/default/index.html: 0
[2018-08-25 19:14:43] EDIT server/views/default/index.html: 0
[2018-08-25 19:14:55] EDIT server/views/default/index.html: 0
[2018-08-25 19:15:50] EDIT server/views/default/index.html: 0
[2018-08-25 19:16:01] EDIT server/views/default/index.html: 0
[2018-08-25 19:16:28] EDIT server/views/default/index.html: 0
[2018-08-25 19:16:47] EDIT server/views/default/index.html: -3
[2018-08-25 19:17:15] EDIT server/views/default/index.html: 1
[2018-08-25 19:17:21] EDIT server/views/default/index.html: 0
[2018-08-25 19:17:28] EDIT server/views/default/index.html: 0
[2018-08-25 19:17:37] EDIT server/views/default/index.html: 0
[2018-08-25 19:19:33] EDIT server/views/default/index.html: 0
[2018-08-25 19:21:17] EDIT server/views/default/index.html: 0
[2018-08-25 19:21:49] EDIT server/views/default/index.html: 4
[2018-08-25 19:23:02] EDIT server/views/default/index.html: -2
[2018-08-25 19:23:09] EDIT server/views/default/index.html: 0
[2018-08-25 19:26:24] EDIT server/models/db.py: 1
[2018-08-25 19:26:35] EDIT server/models/db.py: 0
[2018-08-25 19:28:28] EDIT server/models/db.py: 0
[2018-08-25 19:30:17] EDIT server/models/db.py: 0
[2018-08-25 19:32:40] EDIT server/views/default/index.html: 0
[2018-08-25 19:32:58] EDIT server/models/db.py: -1
[2018-08-25 19:33:38] EDIT server/views/default/index.html: 0
[2018-08-25 19:34:10] EDIT server/views/default/index.html: 0
[2018-08-25 19:34:27] EDIT server/views/default/index.html: 0
[2018-08-25 19:35:48] EDIT server/views/default/index.html: 0
[2018-08-25 19:36:13] EDIT server/views/default/index.html: 0
[2018-08-25 19:36:29] EDIT server/views/default/index.html: 0
[2018-08-25 19:36:38] EDIT server/views/default/index.html: 0
[2018-08-25 19:37:14] EDIT server/views/default/index.html: 0
[2018-08-25 19:38:39] EDIT server/views/default/index.html: 7
[2018-08-25 19:39:25] EDIT server/views/default/index.html: 0
[2018-08-25 19:40:29] EDIT server/views/default/index.html: -2
[2018-08-25 19:41:58] EDIT server/views/default/index.html: 5
[2018-08-25 19:42:05] EDIT server/views/default/index.html: 0
[2018-08-25 19:42:56] EDIT server/views/default/index.html: 0
[2018-08-25 19:43:21] EDIT server/views/default/index.html: -5
[2018-08-25 19:43:42] EDIT server/views/default/index.html: 3
[2018-08-25 19:45:03] EDIT server/views/default/index.html: 0
[2018-08-25 19:46:32] EDIT server/views/default/index.html: -8
[2018-08-25 19:47:29] EDIT server/views/default/index.html: 0
[2018-08-25 19:47:48] EDIT server/views/default/index.html: -7
[2018-08-25 19:48:07] EDIT server/views/default/index.html: -17
[2018-08-25 19:50:27] EDIT server/views/default/index.html: 24
[2018-08-25 19:51:00] EDIT server/views/default/index.html: 2
[2018-08-25 19:51:29] EDIT server/views/default/index.html: 0
[2018-08-25 19:52:05] EDIT server/views/default/index.html: -1
[2018-08-25 19:52:18] EDIT server/views/default/index.html: -1
[2018-08-25 19:52:38] EDIT server/views/default/index.html: -1
[2018-08-25 19:53:01] EDIT server/views/default/index.html: -3
[2018-08-25 19:53:25] EDIT server/views/default/index.html: 0
[2018-08-25 19:53:50] EDIT server/views/default/index.html: 0
[2018-08-25 19:55:03] EDIT server/views/default/index.html: 9
[2018-08-25 19:56:05] EDIT server/views/default/index.html: -5
[2018-08-25 19:56:14] EDIT server/views/default/index.html: -3
[2018-08-25 19:56:32] EDIT server/views/default/index.html: -2
[2018-08-25 19:56:54] EDIT server/views/default/index.html: 6
[2018-08-25 19:57:08] EDIT server/views/default/index.html: -1
[2018-08-25 19:57:19] EDIT server/views/default/index.html: 0
[2018-08-25 19:58:14] EDIT server/views/default/index.html: 11
[2018-08-25 19:58:37] EDIT server/views/default/index.html: 0
[2018-08-25 19:58:53] EDIT server/views/default/index.html: 0
[2018-08-25 19:59:27] EDIT server/views/default/index.html: 0
[2018-08-25 19:59:37] EDIT server/views/default/index.html: 0
[2018-08-25 19:59:46] EDIT server/views/default/index.html: 0
[2018-08-25 19:59:55] EDIT server/views/default/index.html: 0
[2018-08-25 20:00:03] EDIT server/views/default/index.html: 0
[2018-08-25 20:00:12] EDIT server/views/default/index.html: 0
[2018-08-25 20:00:22] EDIT server/views/default/index.html: 0
[2018-08-25 20:03:22] EDIT server/views/default/index.html: 3
[2018-08-25 20:04:46] EDIT server/views/default/index.html: 0
[2018-08-25 20:05:13] EDIT server/views/default/index.html: 0
[2018-08-25 20:05:29] EDIT server/views/default/index.html: 0
[2018-08-25 20:09:33] EDIT server/views/default/index.html: 0
[2018-08-25 20:09:50] EDIT server/views/default/index.html: 0
[2018-08-25 20:10:15] EDIT server/views/default/index.html: 0
[2018-08-25 20:10:28] EDIT server/views/default/index.html: 0
[2018-08-25 20:11:03] EDIT server/views/default/index.html: 0
[2018-08-25 20:13:02] EDIT server/views/default/index.html: 0
[2018-08-25 20:13:23] EDIT server/views/default/index.html: 0
[2018-08-25 20:14:12] EDIT server/views/default/index.html: 0
[2018-08-25 20:14:27] EDIT server/views/default/index.html: 0
[2018-08-25 20:14:34] EDIT server/views/default/index.html: 0
[2018-08-25 20:14:44] EDIT server/views/default/index.html: 0
[2018-08-25 20:14:51] EDIT server/views/default/index.html: 0
[2018-08-25 20:41:39] EDIT server/views/default/index.html: 13
[2018-08-25 20:42:09] EDIT server/views/default/index.html: 0
[2018-08-25 20:42:25] EDIT server/views/default/index.html: 0
[2018-08-25 20:43:04] EDIT server/views/default/index.html: 0
[2018-08-25 20:43:23] EDIT server/views/default/index.html: 0
[2018-08-25 20:44:00] EDIT server/views/default/index.html: 0
[2018-08-25 20:44:43] EDIT server/views/default/index.html: 0
[2018-08-25 20:46:13] EDIT server/views/default/index.html: 0
[2018-08-25 20:47:17] EDIT server/views/default/index.html: 0
[2018-08-25 20:48:26] EDIT server/views/default/index.html: 0
[2018-08-25 20:49:44] EDIT server/views/default/index.html: -13
[2018-08-25 20:49:44] EDIT server/views/default/index.html: 0
[2018-08-25 20:50:54] EDIT server/views/default/index.html: 32
[2018-08-25 20:51:10] EDIT server/views/default/index.html: 0
[2018-08-25 20:51:19] EDIT server/views/default/index.html: 0
[2018-08-25 20:51:26] EDIT server/views/default/index.html: 0
[2018-08-25 20:51:38] EDIT server/views/default/index.html: 0
[2018-08-25 20:51:49] EDIT server/views/default/index.html: 0
[2018-08-25 20:52:01] EDIT server/views/default/index.html: 0
[2018-08-25 20:52:16] EDIT server/models/menu.py: 0
[2018-08-25 20:52:19] EDIT server/models/menu.py: 0
[2018-08-25 20:52:24] EDIT server/models/menu.py: 0
[2018-08-25 20:53:33] EDIT server/views/default/index.html: 6
[2018-08-25 20:54:30] EDIT server/views/default/index.html: 0
[2018-08-25 20:54:37] EDIT server/views/default/index.html: 0
[2018-08-25 20:54:48] EDIT server/views/default/index.html: 0
[2018-08-25 20:55:22] EDIT server/views/default/index.html: 3
[2018-08-25 20:55:22] EDIT server/views/default/index.html: 0
[2018-08-25 20:55:52] EDIT server/views/default/index.html: 1
[2018-08-25 20:56:10] EDIT server/views/default/index.html: 3
[2018-08-25 20:56:18] EDIT server/views/default/index.html: -3
[2018-08-25 20:57:15] EDIT server/views/default/index.html: 2
[2018-08-25 20:57:26] EDIT server/views/default/index.html: 0
[2018-08-25 20:57:42] EDIT server/views/default/index.html: 1
[2018-08-25 20:57:48] EDIT server/views/default/index.html: 0
[2018-08-25 20:58:36] EDIT server/views/default/index.html: 0
[2018-08-25 21:01:18] EDIT server/controllers/default.py: 0
[2018-08-25 21:02:03] EDIT server/controllers/default.py: 0
[2018-08-25 21:02:19] EDIT server/controllers/default.py: 0
[2018-08-25 21:03:54] EDIT server/views/default/index.html: 1
[2018-08-25 21:04:01] EDIT server/views/default/index.html: 0
[2018-08-25 21:04:29] EDIT server/controllers/default.py: 0
[2018-08-25 21:04:43] EDIT server/controllers/default.py: 0
[2018-08-25 21:05:09] EDIT server/controllers/default.py: 0
[2018-08-25 21:05:22] EDIT server/controllers/default.py: 0
[2018-08-25 21:10:46] EDIT server/static/css/stupid.css: 0
[2018-08-25 21:11:04] EDIT server/static/css/stupid.css: 0
[2018-08-26 15:31:16] EDIT server/views/default/index.html: 5
[2018-08-26 15:31:44] EDIT server/views/default/index.html: 0
[2018-08-26 15:32:36] EDIT server/views/default/index.html: -5
[2018-08-26 15:32:47] EDIT server/views/default/index.html: -1
[2018-08-26 15:34:46] EDIT server/models/db.py: 1
[2018-08-26 15:34:56] EDIT server/models/db.py: -1
[2018-08-26 15:35:25] EDIT server/models/db.py: 0
[2018-08-26 15:36:04] EDIT server/models/db.py: 0
[2018-08-26 15:37:11] EDIT server/views/default/index.html: 0
[2018-08-26 15:37:38] EDIT server/views/default/index.html: 0
[2018-08-26 15:37:58] EDIT server/views/default/received.html: 0
[2018-08-26 15:49:12] EDIT server/models/db.py: 6
[2018-08-26 15:49:32] EDIT server/views/default/received.html: 1
[2018-08-26 15:49:46] EDIT server/views/default/received.html: 0
[2018-08-26 15:50:40] EDIT server/controllers/default.py: 4
[2018-08-26 15:50:46] EDIT server/controllers/default.py: 0
[2018-08-26 15:50:54] EDIT server/controllers/default.py: 0
[2018-08-27 22:00:09] EDIT server/views/default/contact.html: 8
[2018-08-27 22:00:47] EDIT server/views/default/contact.html: 3
[2018-08-27 22:01:17] EDIT server/views/default/contact.html: 6
[2018-08-27 22:01:26] EDIT server/views/default/contact.html: 0
[2018-08-27 22:01:35] EDIT server/views/default/contact.html: 0
[2018-08-27 22:01:55] EDIT server/views/default/contact.html: 0
[2018-08-27 22:02:07] EDIT server/views/default/contact.html: 0
[2018-08-27 22:02:51] EDIT server/views/default/contact.html: 0
[2018-08-27 22:03:43] EDIT server/views/default/contact.html: 2
[2018-08-27 22:03:54] EDIT server/views/default/contact.html: 0
[2018-08-27 22:06:08] EDIT server/models/db.py: -4
[2018-08-27 22:06:42] EDIT server/controllers/default.py: 2
[2018-08-27 22:06:58] EDIT server/controllers/default.py: -1
[2018-08-27 22:07:27] EDIT server/views/default/contact.html: 4
[2018-08-27 22:08:08] EDIT server/models/db.py: 0
[2018-08-27 22:08:36] EDIT server/controllers/default.py: 0
[2018-08-27 22:08:43] EDIT server/controllers/default.py: 0
[2018-08-27 22:09:19] EDIT server/controllers/default.py: 0
[2018-08-27 22:09:49] EDIT server/models/db.py: 6
[2018-08-27 22:10:01] EDIT server/controllers/default.py: 0
[2018-08-27 22:12:11] EDIT server/views/default/contact.html: 25
[2018-08-27 22:12:21] EDIT server/models/db.py: 0
[2018-08-27 22:12:26] EDIT server/views/default/contact.html: 0
[2018-08-27 22:12:42] EDIT server/views/default/contact.html: 0
[2018-08-27 22:13:37] EDIT server/views/default/contact.html: 5
[2018-08-27 22:16:17] EDIT server/controllers/default.py: 2
[2018-08-27 22:16:30] EDIT server/controllers/default.py: 0
[2018-08-27 22:16:49] EDIT server/views/default/contact.html: 0
[2018-08-27 22:16:51] EDIT server/views/default/contact.html: 0
[2018-08-27 22:18:11] EDIT server/views/default/contact.html: 0
[2018-08-27 22:21:26] EDIT server/views/default/resume.html: 1
[2018-08-27 22:21:38] EDIT server/models/menu.py: 0
[2018-08-27 22:21:58] EDIT server/controllers/default.py: 2
[2018-08-27 22:24:01] EDIT server/views/default/resume.html: -2
[2018-08-27 22:24:36] EDIT server/views/default/resume.html: 0
[2018-08-27 22:25:30] EDIT server/views/default/resume.html: 1
[2018-08-27 22:26:06] EDIT server/views/default/resume.html: 2
[2018-08-27 22:26:10] EDIT server/views/default/resume.html: 0
[2018-08-27 22:26:58] EDIT server/views/default/resume.html: 0
[2018-08-27 22:27:51] EDIT server/controllers/default.py: 1
[2018-08-27 22:28:14] EDIT server/controllers/default.py: 0
[2018-08-27 22:28:47] EDIT server/controllers/default.py: 0
[2018-08-27 22:29:43] EDIT server/controllers/default.py: 0
[2018-08-27 22:30:03] EDIT server/views/default/resume.html: -1
[2018-08-27 22:30:07] EDIT server/controllers/default.py: -1
[2018-08-27 22:30:34] EDIT server/controllers/default.py: 1
[2018-08-27 22:30:47] EDIT server/controllers/default.py: 0
[2018-08-27 22:32:02] EDIT server/controllers/default.py: 0
[2018-08-27 22:32:49] EDIT server/models/menu.py: 0
[2018-08-27 22:32:59] EDIT server/views/default/resume.html: -3
[2018-08-27 22:34:40] EDIT server/views/default/resume.html: 5
[2018-08-27 22:34:51] EDIT server/controllers/default.py: -1
[2018-08-27 22:35:15] EDIT server/views/default/resume.html: 0
[2018-08-27 22:35:30] EDIT server/controllers/default.py: 1
[2018-08-29 16:01:01] EDIT server/views/default/about.html: -1
[2018-08-29 21:11:15] EDIT server/controllers/default.py: 0
[2018-08-29 21:14:31] EDIT server/models/db.py: 0
[2018-08-29 21:14:34] EDIT server/models/db.py: 0
[2018-08-29 21:16:15] EDIT server/views/default/contact.html: 0
[2018-08-29 21:16:31] EDIT server/views/default/contact.html: 0
[2018-08-29 22:45:18] EDIT server/models/db.py: -5
[2018-08-29 23:18:02] EDIT server/controllers/default.py: -3
[2018-08-29 23:18:37] EDIT server/views/default/received.html: -1
[2018-08-30 14:01:19] EDIT server/models/menu.py: 1
[2018-08-30 14:01:36] EDIT server/controllers/default.py: 2
[2018-08-30 14:01:52] CREATE default/links.html: 0
[2018-08-30 14:01:55] EDIT server/views/default/links.html: 0
[2018-08-30 14:03:48] EDIT server/models/db.py: 3
[2018-08-30 14:05:02] EDIT server/views/default/index.html: 23
[2018-08-30 14:07:20] EDIT server/views/default/index.html: 16
[2018-08-30 14:07:43] EDIT server/views/default/index.html: 0
[2018-08-30 14:07:57] EDIT server/views/default/index.html: 0
[2018-08-30 14:08:05] EDIT server/views/default/index.html: 0
[2018-08-30 14:08:11] EDIT server/views/default/index.html: 0
[2018-08-30 14:08:18] EDIT server/views/default/index.html: 0
[2018-08-30 14:09:59] EDIT server/controllers/default.py: 1
[2018-08-30 14:10:13] EDIT server/controllers/default.py: 0
[2018-08-30 14:11:08] EDIT server/models/db.py: 0
[2018-08-30 14:11:11] EDIT server/controllers/default.py: -1
[2018-08-30 14:12:16] EDIT server/models/db.py: 0
[2018-08-30 14:13:14] EDIT server/models/db.py: 1
[2018-08-30 14:13:33] EDIT server/models/db.py: -1
[2018-08-30 14:17:27] EDIT server/views/default/received.html: 3
[2018-08-30 14:18:16] EDIT server/controllers/default.py: -1
[2018-08-30 14:23:01] EDIT server/views/default/index.html: 10
[2018-08-30 14:23:30] EDIT server/models/db.py: 1
[2018-08-30 14:25:25] EDIT server/models/db.py: 0
[2018-08-30 14:25:32] EDIT server/models/db.py: 0
[2018-08-30 14:25:32] EDIT server/models/db.py: 0
[2018-08-30 14:25:55] EDIT server/models/db.py: 0
[2018-08-30 14:26:13] EDIT server/models/db.py: 0
[2018-08-30 14:27:33] EDIT server/models/db.py: 0
[2018-08-30 14:33:31] EDIT server/models/db.py: 0
[2018-08-30 14:35:20] EDIT server/models/db.py: 0
[2018-08-30 14:47:35] EDIT server/models/db.py: 1
[2018-08-30 14:50:38] EDIT server/views/default/links.html: 114
[2018-08-30 14:53:25] EDIT server/views/default/links.html: 0
[2018-08-30 14:53:56] EDIT server/views/default/links.html: -1
[2018-08-30 14:54:30] EDIT server/views/default/links.html: 1
[2018-08-30 14:54:33] EDIT server/views/default/links.html: -1
[2018-08-30 14:55:14] EDIT server/views/default/links.html: -2
[2018-08-30 14:56:24] EDIT server/views/default/links.html: -7
[2018-08-30 14:56:38] EDIT server/views/default/links.html: -1
[2018-08-30 14:56:50] EDIT server/views/default/links.html: -95
[2018-08-30 14:56:56] EDIT server/views/default/links.html: 0
[2018-08-30 14:57:11] EDIT server/views/default/links.html: 92
[2018-08-30 14:57:18] EDIT server/views/default/links.html: -5
[2018-08-30 14:57:38] EDIT server/views/default/links.html: 4
[2018-08-30 14:58:27] EDIT server/views/default/links.html: 4
[2018-08-30 14:58:46] EDIT server/views/default/links.html: 0
[2018-08-30 14:59:10] EDIT server/views/default/links.html: 0
[2018-08-30 15:01:24] EDIT server/views/default/links.html: 11
[2018-08-30 15:01:32] EDIT server/views/default/links.html: -3
[2018-08-30 15:01:45] EDIT server/views/default/links.html: -8
[2018-08-30 15:02:40] EDIT server/views/default/links.html: 0
[2018-08-30 15:04:35] EDIT server/views/layout.html: 0
[2018-08-30 15:04:48] EDIT server/views/default/links.html: 0
[2018-08-30 15:05:38] EDIT server/views/default/links.html: 0
[2018-08-30 15:08:22] EDIT server/views/default/links.html: -1
[2018-08-30 15:08:30] EDIT server/views/default/links.html: 1
[2018-08-30 15:10:18] EDIT server/views/default/links.html: 30
[2018-08-30 15:10:43] EDIT server/views/default/links.html: 0
[2018-08-30 15:11:35] EDIT server/views/default/links.html: 2
[2018-08-30 15:14:30] EDIT server/views/default/links.html: 1
[2018-08-30 15:16:03] EDIT server/views/default/links.html: 0
[2018-08-30 15:16:14] EDIT server/views/default/links.html: 0
[2018-08-30 15:16:27] EDIT server/views/default/links.html: 0
[2018-08-30 15:17:10] EDIT server/views/default/links.html: 0
[2018-08-30 15:17:28] EDIT server/views/default/links.html: 0
[2018-08-30 15:17:55] EDIT server/views/default/links.html: 1
[2018-08-30 15:18:04] EDIT server/views/default/links.html: 0
[2018-08-30 15:18:25] EDIT server/views/default/links.html: 0
[2018-08-30 15:19:29] EDIT server/views/default/links.html: -8
[2018-08-30 15:19:49] EDIT server/views/default/links.html: 0
[2018-08-30 15:19:55] EDIT server/views/default/links.html: 0
[2018-08-30 15:23:08] EDIT server/controllers/default.py: 0
[2018-08-30 15:24:23] EDIT server/models/menu.py: 0
[2018-08-30 15:25:00] EDIT server/controllers/default.py: 0
[2018-08-30 15:25:01] EDIT server/models/menu.py: 0
[2018-08-30 15:25:02] EDIT server/views/default/index.html: 0
[2018-08-30 15:25:06] EDIT server/views/default/phone.html: 0
[2018-08-30 15:25:24] EDIT server/models/menu.py: 0
[2018-08-30 15:27:57] EDIT server/views/default/index.html: 1
[2018-08-30 15:28:45] EDIT server/views/default/index.html: 0
[2018-08-30 15:28:58] EDIT server/views/default/index.html: 0
[2018-08-30 15:32:11] EDIT server/views/default/index.html: 4
[2018-08-30 15:42:50] EDIT server/views/default/index.html: 0
[2018-08-30 15:43:34] EDIT server/views/default/index.html: 0
[2018-08-30 15:44:37] EDIT server/views/default/index.html: 0
[2018-08-30 15:48:22] EDIT server/views/layout.html: 0
[2018-08-30 15:48:33] EDIT server/views/default/index.html: 0
[2018-08-31 09:08:36] EDIT local/models/menu.py: 0
[2018-08-31 09:09:58] EDIT local/controllers/default.py: -15
[2018-08-31 09:10:15] EDIT local/controllers/default.py: 0
[2018-08-31 09:21:11] EDIT local/views/layout.html: -5
[2018-08-31 09:21:23] EDIT local/views/layout.html: 0
[2018-08-31 09:21:39] EDIT local/views/layout.html: -1
[2018-08-31 09:22:05] EDIT local/views/layout.html: 6
[2018-08-31 09:22:23] EDIT local/views/default/index.html: -5
[2018-08-31 09:22:30] EDIT local/views/default/index.html: -1
[2018-08-31 09:22:40] EDIT local/views/default/index.html: 1
[2018-08-31 09:22:51] EDIT local/views/default/index.html: -3
[2018-08-31 09:23:07] EDIT local/views/default/index.html: 2
[2018-08-31 09:23:13] EDIT local/views/default/index.html: 1
[2018-08-31 09:23:18] EDIT local/views/default/index.html: -1
[2018-08-31 09:27:40] EDIT local/controllers/default.py: 1
[2018-08-31 09:27:55] EDIT local/controllers/default.py: 0
[2018-08-31 09:28:45] EDIT local/views/default/phoneAdmin.html: -193
[2018-09-05 19:01:33] EDIT personal/views/default/index.html: 0
[2018-09-05 19:02:03] EDIT personal/views/default/index.html: 0
[2018-09-05 19:02:22] EDIT personal/views/default/index.html: 0
[2018-09-05 19:02:31] EDIT personal/views/default/index.html: 0
[2018-09-05 19:04:05] EDIT personal/views/default/index.html: -5
[2018-09-05 19:07:34] EDIT personal/views/default/index.html: 6
[2018-09-05 19:08:20] EDIT personal/views/default/index.html: -3
[2018-09-05 19:09:57] EDIT personal/static/css/links.css: 9
[2018-09-05 19:10:24] EDIT personal/views/default/index.html: -1
[2018-09-05 19:10:43] EDIT personal/views/default/index.html: 1
[2018-09-05 19:10:45] EDIT personal/static/css/links.css: 0
[2018-09-05 19:11:08] EDIT personal/views/default/index.html: 0
[2018-09-05 19:11:14] EDIT personal/views/default/index.html: 0
[2018-09-05 19:11:44] EDIT personal/views/default/index.html: 0
[2018-09-05 19:12:09] EDIT personal/views/default/index.html: 4
[2018-09-05 19:12:20] EDIT personal/views/default/index.html: -1
[2018-09-05 19:12:30] EDIT personal/views/default/index.html: 0
[2018-09-05 19:12:38] EDIT personal/views/default/index.html: 1
[2018-09-05 19:13:04] EDIT personal/views/default/index.html: 11
[2018-09-05 19:15:43] EDIT personal/views/default/index.html: 136
[2018-09-05 19:16:02] EDIT personal/views/default/index.html: 1
[2018-09-05 19:16:19] EDIT personal/views/default/index.html: -1
[2018-09-05 19:17:08] EDIT personal/views/default/index.html: -1
[2018-09-05 19:17:24] EDIT personal/views/default/index.html: -1
[2018-09-05 19:17:40] EDIT personal/views/default/index.html: -3
[2018-09-05 19:17:45] EDIT personal/views/default/index.html: -1
[2018-09-05 19:18:59] EDIT personal/static/css/links.css: 3
[2018-09-05 19:19:07] EDIT personal/static/css/links.css: 0
[2018-09-05 19:21:21] EDIT personal/static/css/links.css: 0
[2018-09-05 19:21:26] EDIT personal/static/css/links.css: 0
[2018-09-05 19:21:33] EDIT personal/views/default/index.html: 0
[2018-09-05 19:21:53] EDIT personal/static/css/links.css: 0
[2018-09-05 19:24:03] EDIT personal/views/default/index.html: -104
[2018-09-05 19:24:20] EDIT personal/static/css/links.css: 0
[2018-09-05 19:24:39] EDIT personal/static/css/links.css: 0
[2018-09-05 19:25:15] EDIT personal/views/default/index.html: 8
[2018-09-05 19:26:18] EDIT personal/views/default/index.html: 56
[2018-09-05 19:26:47] EDIT personal/static/css/links.css: 0
[2018-09-05 19:27:30] EDIT personal/static/css/links.css: -1
[2018-09-05 19:27:36] EDIT personal/static/css/links.css: 1
[2018-09-05 19:27:52] EDIT personal/static/css/links.css: 0
[2018-09-05 19:28:42] EDIT personal/static/css/links.css: 3
[2018-09-05 19:28:51] EDIT personal/static/css/links.css: 0
[2018-09-05 19:29:10] EDIT personal/views/default/index.html: 0
[2018-09-05 19:29:34] EDIT personal/views/default/index.html: 0
[2018-09-05 19:29:46] EDIT personal/views/default/index.html: 0
[2018-09-05 19:31:32] EDIT personal/static/css/links.css: -1
[2018-09-05 19:31:37] EDIT personal/static/css/links.css: 1
[2018-09-05 19:31:59] EDIT personal/static/css/links.css: -6
[2018-09-05 19:32:10] EDIT personal/views/default/index.html: 0
[2018-09-05 19:32:21] EDIT personal/views/default/index.html: 0
[2018-09-05 19:32:55] EDIT personal/static/css/links.css: 3
[2018-09-05 19:33:34] EDIT personal/static/css/links.css: -3
[2018-09-05 19:33:42] EDIT personal/views/default/index.html: 0
[2018-09-05 19:35:36] EDIT personal/views/default/index.html: 5
[2018-09-05 19:36:22] EDIT personal/views/default/index.html: 0
[2018-09-05 19:36:29] EDIT personal/views/default/index.html: 0
[2018-09-05 19:36:39] EDIT personal/views/default/index.html: 0
[2018-09-05 19:36:55] EDIT personal/views/default/index.html: 3
[2018-09-05 19:37:29] EDIT personal/views/default/index.html: 2
[2018-09-05 19:37:37] EDIT personal/views/default/index.html: 0
[2018-09-05 19:37:50] EDIT personal/views/default/index.html: -2
[2018-09-05 19:38:11] EDIT personal/views/default/index.html: -1
[2018-09-05 19:38:16] EDIT personal/views/default/index.html: 1
[2018-09-05 19:38:30] EDIT personal/views/default/index.html: 1
[2018-09-05 19:38:39] EDIT personal/views/default/index.html: 0
[2018-09-05 19:40:11] EDIT personal/views/default/index.html: 0
[2018-09-05 19:40:19] EDIT personal/views/default/index.html: 1
[2018-09-05 19:40:27] EDIT personal/views/default/index.html: -1
[2018-09-05 19:40:50] EDIT personal/views/default/index.html: 1
[2018-09-05 19:40:56] EDIT personal/views/default/index.html: 0
[2018-09-05 19:41:02] EDIT personal/views/default/index.html: 0
[2018-09-05 19:41:08] EDIT personal/views/default/index.html: 0
[2018-09-05 19:41:19] EDIT personal/static/css/links.css: 0
[2018-09-05 19:41:26] EDIT personal/static/css/links.css: 0
[2018-09-05 19:41:33] EDIT personal/views/default/index.html: 0
[2018-09-05 19:41:37] EDIT personal/static/css/links.css: 0
[2018-09-05 19:41:42] EDIT personal/static/css/links.css: 0
[2018-09-05 19:41:47] EDIT personal/static/css/links.css: 0
[2018-09-05 19:41:59] EDIT personal/static/css/links.css: 0
[2018-09-05 19:42:06] EDIT personal/views/default/index.html: -1
[2018-09-05 19:42:13] EDIT personal/static/css/links.css: 0
[2018-09-05 19:42:24] EDIT personal/static/css/links.css: 0
[2018-09-05 19:43:01] EDIT personal/static/css/links.css: -23
[2018-09-05 19:43:06] EDIT personal/static/css/links.css: 0
[2018-09-05 19:44:04] EDIT personal/static/css/links.css: 0
[2018-09-05 19:44:26] EDIT personal/static/css/links.css: 0
[2018-09-05 19:44:43] EDIT personal/views/default/index.html: -107
[2018-09-05 19:44:51] EDIT personal/static/css/links.css: 0
[2018-09-05 19:44:57] EDIT personal/static/css/links.css: 0
[2018-09-05 19:45:01] EDIT personal/static/css/links.css: 0
[2018-09-05 19:45:06] EDIT personal/static/css/links.css: 0
[2018-09-05 19:45:58] EDIT personal/static/css/links.css: 0
[2018-09-05 19:46:04] EDIT personal/views/default/index.html: 107
[2018-09-05 19:46:15] EDIT personal/static/css/links.css: 0
[2018-09-05 19:48:14] EDIT personal/views/default/index.html: 2
[2018-09-05 19:48:20] EDIT personal/static/css/links.css: 0
[2018-09-05 19:48:26] EDIT personal/static/css/links.css: 0
[2018-09-05 20:42:03] EDIT personal/views/default/index.html: -9
[2018-09-05 20:42:37] EDIT personal/static/css/links.css: 0
[2018-09-05 20:42:43] EDIT personal/static/css/links.css: 0
[2018-09-05 20:42:55] EDIT personal/static/css/links.css: -9
[2018-09-05 20:43:00] EDIT personal/static/css/links.css: 9
[2018-09-05 20:43:02] EDIT personal/views/default/index.html: 0
[2018-09-05 20:43:11] EDIT personal/static/css/links.css: 0
[2018-09-05 20:44:27] EDIT personal/views/default/index.html: 118
[2018-09-05 20:44:36] EDIT personal/views/default/index.html: -117
[2018-09-05 20:44:44] EDIT personal/views/default/index.html: 117
[2018-09-05 20:44:49] EDIT personal/views/default/index.html: 0
[2018-09-05 20:45:07] EDIT personal/views/default/index.html: -2
[2018-09-05 20:45:18] EDIT personal/views/default/index.html: 0
[2018-09-05 20:45:25] EDIT personal/views/default/index.html: 0
[2018-09-05 20:45:32] EDIT personal/views/default/index.html: 0
[2018-09-05 20:45:36] EDIT personal/views/default/index.html: 0
[2018-09-05 20:46:19] EDIT personal/views/default/index.html: 4
[2018-09-05 20:46:25] EDIT personal/views/default/index.html: 0
[2018-09-05 20:46:43] EDIT personal/views/default/index.html: 2
[2018-09-05 20:46:47] EDIT personal/views/default/index.html: 0
[2018-09-05 20:46:55] EDIT personal/views/default/index.html: 0
[2018-09-05 20:47:09] EDIT personal/views/default/index.html: 0
[2018-09-05 20:47:17] EDIT personal/views/default/index.html: 0
[2018-09-05 20:47:38] EDIT personal/views/default/index.html: 3
[2018-09-05 20:48:45] EDIT personal/views/default/index.html: 1
[2018-09-05 20:48:56] EDIT personal/views/default/index.html: 1
[2018-09-05 20:49:36] EDIT personal/views/default/index.html: 3
[2018-09-05 20:50:20] EDIT personal/views/default/index.html: -3
[2018-09-05 20:50:35] EDIT personal/views/default/index.html: 2
[2018-09-05 20:50:35] EDIT personal/views/default/index.html: 0
[2018-09-05 20:51:06] EDIT personal/views/default/index.html: 1
[2018-09-05 20:51:44] EDIT personal/views/default/index.html: -1
[2018-09-05 20:51:44] EDIT personal/views/default/index.html: 0
[2018-09-05 20:51:51] EDIT personal/views/default/index.html: 0
[2018-09-05 20:52:26] EDIT personal/views/default/index.html: -4
[2018-09-05 20:52:33] EDIT personal/views/default/index.html: -1
[2018-09-05 20:52:40] EDIT personal/views/default/index.html: 1
[2018-09-05 20:52:44] EDIT personal/views/default/index.html: 0
[2018-09-05 20:52:53] EDIT personal/views/default/index.html: 0
[2018-09-05 20:53:21] EDIT personal/views/default/index.html: -104
[2018-09-05 20:53:22] EDIT personal/views/default/index.html: 0
[2018-09-05 20:53:33] EDIT personal/views/default/index.html: 8
[2018-09-05 20:53:47] EDIT personal/views/default/index.html: 0
[2018-09-05 20:53:55] EDIT personal/views/default/index.html: 96
[2018-09-05 20:54:46] EDIT personal/views/default/index.html: 0
[2018-09-05 20:55:04] EDIT personal/views/default/index.html: 0
[2018-09-05 20:55:45] EDIT personal/views/default/index.html: 1
[2018-09-05 20:56:14] EDIT personal/views/default/index.html: -1
[2018-09-05 20:56:35] EDIT personal/views/default/index.html: 3
[2018-09-05 20:56:42] EDIT personal/views/default/index.html: 0
[2018-09-05 20:56:54] EDIT personal/views/default/index.html: 3
[2018-09-05 20:58:05] EDIT personal/views/default/index.html: -9
[2018-09-05 20:58:12] EDIT personal/views/default/index.html: 9
[2018-09-05 20:58:35] EDIT personal/views/default/index.html: -10
[2018-09-05 20:59:51] EDIT personal/views/default/index.html: -1
[2018-09-05 20:59:55] EDIT personal/views/default/index.html: 1
[2018-09-05 21:00:14] EDIT personal/views/default/index.html: -4
[2018-09-05 21:00:29] EDIT personal/views/default/index.html: 3
[2018-09-05 21:00:53] EDIT personal/views/default/index.html: -243
[2018-09-05 21:01:35] EDIT personal/views/default/index.html: 5
[2018-09-05 21:01:53] EDIT personal/views/default/index.html: 239
[2018-09-05 21:02:20] EDIT personal/views/default/index.html: 0
[2018-09-05 21:03:15] EDIT personal/controllers/default.py: 2
[2018-09-05 21:03:42] EDIT personal/views/default/table.html: -32
[2018-09-05 21:03:55] EDIT personal/views/default/table.html: -76
[2018-09-05 21:04:04] EDIT personal/views/default/table.html: -2
[2018-09-05 21:04:14] EDIT personal/views/default/table.html: -13
[2018-09-05 21:04:20] EDIT personal/views/default/table.html: 12
[2018-09-05 21:04:25] EDIT personal/views/default/table.html: -1
[2018-09-05 21:04:29] EDIT personal/views/default/table.html: -1
[2018-09-05 21:04:35] EDIT personal/views/default/table.html: -2
[2018-09-05 21:04:39] EDIT personal/views/default/table.html: -1
[2018-09-05 21:04:44] EDIT personal/views/default/table.html: -1
[2018-09-05 21:04:48] EDIT personal/views/default/table.html: -1
[2018-09-05 21:04:52] EDIT personal/views/default/table.html: -1
[2018-09-05 21:04:58] EDIT personal/views/default/table.html: -1
[2018-09-05 21:05:02] EDIT personal/views/default/table.html: -1
[2018-09-05 21:05:08] EDIT personal/views/default/table.html: -1
[2018-09-05 21:05:14] EDIT personal/views/default/table.html: 2
[2018-09-05 21:05:20] EDIT personal/views/default/table.html: -1
[2018-09-05 21:05:28] EDIT personal/views/default/table.html: -1
[2018-09-05 21:06:31] EDIT personal/views/default/table.html: 122
[2018-09-05 21:06:41] EDIT personal/views/default/table.html: -3
[2018-09-05 21:06:46] EDIT personal/views/default/table.html: 2
[2018-09-05 21:06:54] EDIT personal/views/default/table.html: 0
[2018-09-05 21:07:00] EDIT personal/views/default/table.html: 0
[2018-09-05 21:07:06] EDIT personal/views/default/table.html: 0
[2018-09-05 21:07:36] EDIT personal/views/default/table.html: 1
[2018-09-05 21:08:49] EDIT personal/static/css/links.css: 458
[2018-09-05 21:08:49] EDIT personal/static/css/links.css: 0
[2018-09-05 21:09:02] EDIT personal/views/default/table.html: -2
[2018-09-05 21:09:19] EDIT personal/static/css/links.css: -518
[2018-09-05 21:09:27] EDIT personal/views/default/table.html: 2
[2018-09-05 21:09:28] EDIT personal/views/default/table.html: 0
[2018-09-05 21:09:29] EDIT personal/static/css/links.css: 0
[2018-09-05 21:09:49] EDIT personal/static/css/links.css: -1
[2018-09-05 21:10:02] EDIT personal/static/css/links.css: -10
[2018-09-05 21:10:30] EDIT personal/static/css/links.css: 11
[2018-09-05 21:10:36] EDIT personal/static/css/links.css: 0
[2018-09-05 21:11:19] EDIT personal/static/css/stupid.css: 0
[2018-09-05 21:11:22] EDIT personal/views/default/table.html: 0
[2018-09-05 21:11:36] EDIT personal/static/css/stupid.css: 0
[2018-09-05 21:12:50] EDIT personal/static/css/stupid.css: 0
[2018-09-05 21:12:51] EDIT personal/static/css/stupid.css: 0
[2018-09-05 21:13:17] EDIT personal/static/css/web2py.css: 0
[2018-09-05 21:13:44] EDIT personal/views/default/table.html: 0
[2018-09-05 21:15:06] EDIT personal/static/css/links.css: -10
[2018-09-05 21:15:10] EDIT personal/views/default/index.html: 0
[2018-09-05 21:16:14] EDIT personal/static/css/links.css: 10
[2018-09-05 21:16:24] EDIT personal/views/default/table.html: 0
[2018-09-05 21:16:33] EDIT personal/views/default/table.html: -1
[2018-09-05 21:17:00] EDIT personal/views/default/table.html: -1
[2018-09-05 21:17:47] EDIT personal/views/default/index.html: -1
[2018-09-05 21:18:18] EDIT personal/views/default/phoneAdmin.html: -18
[2018-09-05 21:18:33] EDIT personal/controllers/default.py: -1
[2018-09-05 21:18:54] EDIT personal/views/default/index.html: 1
[2018-09-05 21:19:59] EDIT personal/views/default/index.html: 1
[2018-09-05 21:20:29] EDIT personal/views/default/index.html: -15
[2018-09-05 21:20:36] EDIT personal/views/default/index.html: 0
[2018-09-05 21:20:44] EDIT personal/views/default/index.html: 14
[2018-09-05 21:21:22] EDIT personal/views/default/index.html: 1
[2018-09-05 21:21:32] EDIT personal/views/default/index.html: -1
[2018-09-05 21:21:58] EDIT personal/views/default/index.html: -31
[2018-09-05 21:22:28] EDIT personal/views/layout.html: -5
[2018-09-05 21:23:27] EDIT personal/views/default/index.html: 0
[2018-09-05 21:24:02] EDIT personal/views/default/index.html: -1
[2018-09-05 21:24:06] EDIT personal/views/default/index.html: -2
[2018-09-05 21:24:14] EDIT personal/views/default/index.html: -6
[2018-09-05 21:29:01] EDIT personal/static/css/examples.css: -12
[2018-09-05 21:29:53] EDIT personal/static/css/web2py.css: -5
[2018-09-05 21:30:09] EDIT personal/static/css/stupid.css: -4
[2018-09-05 21:30:56] EDIT personal/views/layout.html: -1
[2018-09-05 21:31:03] EDIT personal/views/layout.html: 1
[2018-09-05 21:31:12] EDIT personal/static/css/web2py.css: 0
[2018-09-05 21:34:25] EDIT personal/static/css/stupid.css: -2
[2018-09-05 21:36:19] EDIT personal/static/css/examples.css: 0
[2018-09-05 21:36:38] EDIT personal/views/layout.html: -1
[2018-09-05 21:36:43] EDIT personal/views/layout.html: 1
[2018-09-05 21:37:02] EDIT personal/static/css/examples.css: 0
[2018-09-05 21:39:23] EDIT personal/static/css/examples.css: 0
[2018-09-05 21:39:25] EDIT personal/static/css/web2py.css: 0
[2018-09-05 21:39:26] EDIT personal/static/css/stupid.css: 0
[2018-09-05 21:40:06] EDIT personal/views/layout.html: -1
[2018-09-06 20:16:48] EDIT personal/views/default/index.html: 1
[2018-09-06 20:17:40] EDIT personal/views/default/index.html: 0
[2018-09-06 20:17:51] EDIT personal/views/default/index.html: 0
[2018-09-06 20:19:02] EDIT personal/views/default/index.html: 3
[2018-09-06 20:21:21] EDIT personal/views/default/index.html: 0
[2018-09-06 20:21:32] EDIT personal/views/default/index.html: 0
[2018-09-06 20:22:10] EDIT personal/views/default/index.html: 8
[2018-09-06 20:22:41] EDIT personal/views/default/index.html: 0
[2018-09-06 20:23:58] EDIT personal/views/default/index.html: 0
[2018-09-06 20:24:25] EDIT personal/views/default/index.html: 0
[2018-09-06 20:24:39] EDIT personal/views/default/index.html: 0
[2018-09-06 20:25:26] EDIT personal/views/default/index.html: 0
[2018-09-06 20:25:37] EDIT personal/views/default/index.html: 0
[2018-09-06 20:25:58] EDIT personal/views/default/index.html: 0
[2018-09-06 20:26:12] EDIT personal/views/default/index.html: 0
[2018-09-06 20:26:25] EDIT personal/views/default/index.html: 0
[2018-09-08 19:40:42] EDIT personal/views/layout.html: 1
[2018-09-08 19:41:21] EDIT personal/views/layout.html: 0
[2018-09-08 23:01:35] EDIT personal/static/css/examples.css: 2
[2018-09-08 23:01:37] EDIT personal/views/layout.html: -1
[2018-09-08 23:01:54] EDIT personal/static/css/examples.css: 0
[2018-09-08 23:01:57] EDIT personal/views/layout.html: 0
[2018-09-08 23:02:27] EDIT personal/static/css/examples.css: 0
[2018-09-08 23:02:29] EDIT personal/views/layout.html: 0
[2018-09-08 23:02:29] EDIT personal/views/default/index.html: 0
[2018-09-08 23:02:38] EDIT personal/views/layout.html: -1
[2018-09-08 23:02:50] EDIT personal/views/layout.html: 1
[2018-09-08 23:05:02] EDIT personal/static/css/examples.css: 2
[2018-09-08 23:05:44] EDIT personal/static/css/examples.css: -1
[2018-09-08 23:06:11] EDIT personal/static/css/examples.css: 0
[2018-09-08 23:06:52] EDIT personal/static/css/examples.css: 1
[2018-09-08 23:08:05] EDIT personal/static/css/examples.css: -58
[2018-09-08 23:08:57] EDIT personal/static/css/examples.css: 0
[2018-09-08 23:10:43] EDIT personal/static/css/stupid.css: -284
[2018-09-08 23:11:26] EDIT personal/static/css/web2py.css: -148
[2018-09-08 23:11:28] EDIT personal/static/css/stupid.css: 0
[2018-09-08 23:11:29] EDIT personal/static/css/examples.css: 0
[2018-09-08 23:11:30] EDIT personal/views/default/index.html: 0
[2018-09-08 23:11:37] EDIT personal/views/layout.html: 0
[2018-09-08 23:12:30] EDIT personal/views/layout.html: -2
[2018-09-08 23:14:04] EDIT personal/static/css/layout.css: 21
[2018-09-08 23:14:06] EDIT personal/views/default/index.html: 0
[2018-09-08 23:14:14] EDIT personal/views/layout.html: 0
[2018-09-08 23:15:00] EDIT personal/static/css/layout.css: 0
[2018-09-08 23:16:15] EDIT personal/views/layout.html: 2
[2018-09-08 23:16:22] EDIT personal/views/layout.html: -1
[2018-09-08 23:16:31] EDIT personal/views/layout.html: -1
[2018-09-08 23:16:40] EDIT personal/views/layout.html: 1
[2018-09-08 23:18:36] EDIT personal/static/css/layout.css: 30
[2018-09-08 23:19:04] EDIT personal/views/layout.html: 3
[2018-09-08 23:20:07] EDIT personal/static/css/layout.css: 57
[2018-09-08 23:20:15] EDIT personal/views/layout.html: 0
[2018-09-08 23:20:21] EDIT personal/views/layout.html: 0
[2018-09-08 23:20:32] EDIT personal/static/css/layout.css: -57
[2018-09-08 23:21:24] EDIT personal/static/css/layout.css: 31
[2018-09-08 23:21:28] EDIT personal/views/layout.html: 0
[2018-09-08 23:21:32] EDIT personal/views/layout.html: 0
[2018-09-08 23:21:49] EDIT personal/static/css/layout.css: 133
[2018-09-08 23:21:54] EDIT personal/views/layout.html: 0
[2018-09-08 23:21:59] EDIT personal/views/layout.html: 0
[2018-09-08 23:22:16] EDIT personal/static/css/layout.css: 354
[2018-09-08 23:22:21] EDIT personal/views/layout.html: 0
[2018-09-08 23:22:28] EDIT personal/views/layout.html: 0
[2018-09-08 23:23:02] EDIT personal/static/css/layout.css: -164
[2018-09-08 23:23:05] EDIT personal/views/layout.html: 0
[2018-09-08 23:23:12] EDIT personal/views/layout.html: 0
[2018-09-08 23:23:26] EDIT personal/static/css/layout.css: -38
[2018-09-08 23:23:29] EDIT personal/views/layout.html: 0
[2018-09-08 23:23:33] EDIT personal/views/layout.html: 0
[2018-09-08 23:24:02] EDIT personal/static/css/layout.css: -134
[2018-09-08 23:24:06] EDIT personal/views/layout.html: 0
[2018-09-08 23:24:10] EDIT personal/views/layout.html: 0
[2018-09-08 23:24:50] EDIT personal/static/css/layout.css: -159
[2018-09-08 23:25:05] EDIT personal/views/layout.html: 0
[2018-09-08 23:25:09] EDIT personal/views/layout.html: 0
[2018-09-08 23:27:01] EDIT personal/static/css/layout.css: -18
[2018-09-08 23:28:07] EDIT personal/static/css/layout.css: 1
[2018-09-08 23:28:22] EDIT personal/static/css/layout.css: 0
[2018-09-08 23:28:24] EDIT personal/views/layout.html: 0
[2018-09-08 23:28:28] EDIT personal/views/layout.html: 0
[2018-09-08 23:29:50] EDIT personal/static/css/layout.css: 34
[2018-09-08 23:29:52] EDIT personal/views/layout.html: 0
[2018-09-08 23:29:58] EDIT personal/views/layout.html: 0
[2018-09-08 23:32:07] EDIT personal/views/default/index.html: 16
[2018-09-08 23:32:07] EDIT personal/views/default/index.html: 0
[2018-09-08 23:32:19] EDIT personal/views/default/index.html: 9
[2018-09-08 23:33:02] EDIT personal/views/default/index.html: 0
[2018-09-08 23:33:17] EDIT personal/views/default/index.html: 0
[2018-09-08 23:34:35] EDIT personal/views/default/index.html: -9
[2018-09-08 23:34:49] EDIT personal/views/default/index.html: 0
[2018-09-08 23:34:56] EDIT personal/views/default/index.html: 8
[2018-09-08 23:35:02] EDIT personal/views/default/index.html: -8
[2018-09-08 23:35:17] EDIT personal/views/default/index.html: -4
[2018-09-08 23:35:26] EDIT personal/views/default/index.html: 4
[2018-09-08 23:35:36] EDIT personal/views/default/index.html: -5
[2018-09-08 23:35:47] EDIT personal/views/default/index.html: 5
[2018-09-08 23:37:16] EDIT personal/views/default/index.html: 0
[2018-09-09 00:28:45] EDIT personal/views/layout.html: 0
[2018-09-09 00:30:22] EDIT personal/views/layout.html: 0
[2018-09-09 00:30:26] EDIT personal/views/layout.html: 0
[2018-09-09 00:31:25] EDIT personal/views/layout.html: 0
[2018-09-09 00:31:28] EDIT personal/views/default/index.html: 0
[2018-09-12 00:08:47] EDIT personal/controllers/default.py: -1
[2018-09-12 00:09:15] EDIT personal/controllers/default.py: 0
[2018-09-12 00:09:26] EDIT personal/controllers/default.py: 0
[2018-09-12 00:10:53] EDIT personal/controllers/default.py: 0
[2018-09-12 00:12:05] EDIT personal/views/default/index.html: 0
[2018-09-12 00:12:59] EDIT personal/views/default/index.html: 1
[2018-09-12 00:14:51] EDIT personal/controllers/default.py: 0
[2018-09-12 00:16:41] EDIT personal/controllers/default.py: 0
[2018-09-12 00:17:34] EDIT personal/controllers/default.py: 1
[2018-09-12 00:17:44] EDIT personal/controllers/default.py: -1
[2018-09-12 11:05:26] EDIT personal/views/default/index.html: -2
[2018-09-12 11:05:31] EDIT personal/views/default/index.html: 2
[2018-09-16 22:26:32] EDIT personal/models/menu.py: 1
[2018-09-16 22:26:41] CREATE default/parts.html: 0
[2018-09-16 22:26:50] EDIT personal/views/default/parts.html: -1
[2018-09-16 22:27:11] EDIT personal/controllers/default.py: 2
[2018-09-16 22:27:15] EDIT personal/controllers/default.py: 0
[2018-09-16 22:30:27] EDIT personal/views/default/parts.html: 22
[2018-09-16 22:31:08] EDIT personal/views/layout.html: 49
[2018-09-16 22:33:46] EDIT personal/views/layout.html: -49
[2018-09-16 22:34:48] EDIT personal/views/default/parts.html: 7
[2018-09-16 22:35:44] EDIT personal/views/default/parts.html: 7
[2018-09-16 22:35:51] EDIT personal/views/default/parts.html: 0
[2018-09-16 22:36:15] EDIT personal/views/default/parts.html: 2
[2018-09-16 22:36:27] EDIT personal/views/default/parts.html: -2
[2018-09-16 22:36:58] EDIT personal/views/default/parts.html: 0
[2018-09-16 22:37:04] EDIT personal/views/default/parts.html: 0
[2018-09-16 22:37:19] EDIT personal/views/default/parts.html: 0
[2018-09-16 22:37:25] EDIT personal/views/default/parts.html: 0
[2018-09-16 22:37:28] EDIT personal/views/default/parts.html: 0
[2018-09-16 22:39:54] EDIT personal/views/default/parts.html: 144
[2018-09-16 22:41:32] EDIT personal/views/default/parts.html: 45
[2018-09-16 22:48:24] EDIT personal/views/default/parts.html: 0
